permutations = {
2 : '-1',
3 : '-1',
4 : '2 4 1 3',
5 : '1 3 5 2 4',
6 : '1 3 5 2 4 6',
7 : '1 3 5 2 6 4 7',
8 : '1 3 5 2 6 8 4 7',
9 : '1 3 5 2 4 7 9 6 8',
10 : '1 3 5 2 4 6 8 10 7 9',
11 : '1 3 5 2 4 6 8 10 7 9 11',
12 : '1 3 5 2 4 6 8 10 7 11 9 12',
13 : '1 3 5 2 4 6 8 10 7 11 13 9 12',
14 : '1 3 5 2 4 6 8 10 7 9 12 14 11 13',
15 : '1 3 5 2 4 6 8 10 7 9 11 13 15 12 14',
16 : '1 3 5 2 4 6 8 10 7 9 11 13 15 12 14 16',
17 : '1 3 5 2 4 6 8 10 7 9 11 13 15 12 16 14 17',
18 : '1 3 5 2 4 6 8 10 7 9 11 13 15 12 16 18 14 17',
19 : '1 3 5 2 4 6 8 10 7 9 11 13 15 12 14 17 19 16 18',
20 : '1 3 5 2 4 6 8 10 7 9 11 13 15 12 14 16 18 20 17 19',
21 : '1 3 5 2 4 6 8 10 7 9 11 13 15 12 14 16 18 20 17 19 21',
22 : '1 3 5 2 4 6 8 10 7 9 11 13 15 12 14 16 18 20 17 21 19 22',
23 : '1 3 5 2 4 6 8 10 7 9 11 13 15 12 14 16 18 20 17 21 23 19 22',
24 : '1 3 5 2 4 6 8 10 7 9 11 13 15 12 14 16 18 20 17 19 22 24 21 23',
25 : '1 3 5 2 4 6 8 10 7 9 11 13 15 12 14 16 18 20 17 19 21 23 25 22 24',
26 : '1 3 5 2 4 6 8 10 7 9 11 13 15 12 14 16 18 20 17 19 21 23 25 22 24 26',
27 : '1 3 5 2 4 6 8 10 7 9 11 13 15 12 14 16 18 20 17 19 21 23 25 22 26 24 27',
28 : '1 3 5 2 4 6 8 10 7 9 11 13 15 12 14 16 18 20 17 19 21 23 25 22 26 28 24 27',
29 : '1 3 5 2 4 6 8 10 7 9 11 13 15 12 14 16 18 20 17 19 21 23 25 22 24 27 29 26 28',
30 : '1 3 5 2 4 6 8 10 7 9 11 13 15 12 14 16 18 20 17 19 21 23 25 22 24 26 28 30 27 29',
31 : '1 3 5 2 4 6 8 10 7 9 11 13 15 12 14 16 18 20 17 19 21 23 25 22 24 26 28 30 27 29 31',
32 : '1 3 5 2 4 6 8 10 7 9 11 13 15 12 14 16 18 20 17 19 21 23 25 22 24 26 28 30 27 31 29 32',
33 : '1 3 5 2 4 6 8 10 7 9 11 13 15 12 14 16 18 20 17 19 21 23 25 22 24 26 28 30 27 31 33 29 32',
34 : '1 3 5 2 4 6 8 10 7 9 11 13 15 12 14 16 18 20 17 19 21 23 25 22 24 26 28 30 27 29 32 34 31 33',
35 : '1 3 5 2 4 6 8 10 7 9 11 13 15 12 14 16 18 20 17 19 21 23 25 22 24 26 28 30 27 29 31 33 35 32 34',
36 : '1 3 5 2 4 6 8 10 7 9 11 13 15 12 14 16 18 20 17 19 21 23 25 22 24 26 28 30 27 29 31 33 35 32 34 36',
37 : '1 3 5 2 4 6 8 10 7 9 11 13 15 12 14 16 18 20 17 19 21 23 25 22 24 26 28 30 27 29 31 33 35 32 36 34 37',
38 : '1 3 5 2 4 6 8 10 7 9 11 13 15 12 14 16 18 20 17 19 21 23 25 22 24 26 28 30 27 29 31 33 35 32 36 38 34 37',
39 : '1 3 5 2 4 6 8 10 7 9 11 13 15 12 14 16 18 20 17 19 21 23 25 22 24 26 28 30 27 29 31 33 35 32 34 37 39 36 38',
40 : '1 3 5 2 4 6 8 10 7 9 11 13 15 12 14 16 18 20 17 19 21 23 25 22 24 26 28 30 27 29 31 33 35 32 34 36 38 40 37 39',
41 : '1 3 5 2 4 6 8 10 7 9 11 13 15 12 14 16 18 20 17 19 21 23 25 22 24 26 28 30 27 29 31 33 35 32 34 36 38 40 37 39 41',
42 : '1 3 5 2 4 6 8 10 7 9 11 13 15 12 14 16 18 20 17 19 21 23 25 22 24 26 28 30 27 29 31 33 35 32 34 36 38 40 37 41 39 42',
43 : '1 3 5 2 4 6 8 10 7 9 11 13 15 12 14 16 18 20 17 19 21 23 25 22 24 26 28 30 27 29 31 33 35 32 34 36 38 40 37 41 43 39 42',
44 : '1 3 5 2 4 6 8 10 7 9 11 13 15 12 14 16 18 20 17 19 21 23 25 22 24 26 28 30 27 29 31 33 35 32 34 36 38 40 37 39 42 44 41 43',
45 : '1 3 5 2 4 6 8 10 7 9 11 13 15 12 14 16 18 20 17 19 21 23 25 22 24 26 28 30 27 29 31 33 35 32 34 36 38 40 37 39 41 43 45 42 44',
46 : '1 3 5 2 4 6 8 10 7 9 11 13 15 12 14 16 18 20 17 19 21 23 25 22 24 26 28 30 27 29 31 33 35 32 34 36 38 40 37 39 41 43 45 42 44 46',
47 : '1 3 5 2 4 6 8 10 7 9 11 13 15 12 14 16 18 20 17 19 21 23 25 22 24 26 28 30 27 29 31 33 35 32 34 36 38 40 37 39 41 43 45 42 46 44 47',
48 : '1 3 5 2 4 6 8 10 7 9 11 13 15 12 14 16 18 20 17 19 21 23 25 22 24 26 28 30 27 29 31 33 35 32 34 36 38 40 37 39 41 43 45 42 46 48 44 47',
49 : '1 3 5 2 4 6 8 10 7 9 11 13 15 12 14 16 18 20 17 19 21 23 25 22 24 26 28 30 27 29 31 33 35 32 34 36 38 40 37 39 41 43 45 42 44 47 49 46 48',
}
